<?xml version="1.0" encoding="UTF-8"?>
<testng-results ignored="0" total="1" passed="1" failed="0" skipped="0">
  <reporter-output>
  </reporter-output>
  <suite started-at="2019-02-12T12:45:00Z" name="Default suite" finished-at="2019-02-12T12:45:19Z" duration-ms="18547">
    <groups>
    </groups>
    <test started-at="2019-02-12T12:45:00Z" name="Default test" finished-at="2019-02-12T12:45:19Z" duration-ms="18547">
      <class name="com.SeleniumMaster.ObjectMapProjec.ObjectMapLoginTest">
        <test-method is-config="true" signature="setUp()[pri:0, instance:com.SeleniumMaster.ObjectMapProjec.ObjectMapLoginTest@33c911a1]" started-at="2019-02-12T07:45:00Z" name="setUp" finished-at="2019-02-12T07:45:08Z" duration-ms="7499" status="PASS">
          <reporter-output>
          </reporter-output>
        </test-method> <!-- setUp -->
        <test-method signature="login()[pri:0, instance:com.SeleniumMaster.ObjectMapProjec.ObjectMapLoginTest@33c911a1]" started-at="2019-02-12T07:45:08Z" name="login" finished-at="2019-02-12T07:45:15Z" duration-ms="7107" status="PASS">
          <reporter-output>
          </reporter-output>
        </test-method> <!-- login -->
        <test-method is-config="true" signature="tearDown()[pri:0, instance:com.SeleniumMaster.ObjectMapProjec.ObjectMapLoginTest@33c911a1]" started-at="2019-02-12T07:45:15Z" name="tearDown" finished-at="2019-02-12T07:45:19Z" duration-ms="3907" status="PASS">
          <reporter-output>
          </reporter-output>
        </test-method> <!-- tearDown -->
      </class> <!-- com.SeleniumMaster.ObjectMapProjec.ObjectMapLoginTest -->
    </test> <!-- Default test -->
  </suite> <!-- Default suite -->
</testng-results>
